<?xml version="1.0" encoding="UTF-8"?>
<testsuite name="com.indracompany.qa.runners.LoginRunner" tests="0" skipped="0" failures="0" errors="0" timestamp="1970-01-01T00:00:00" hostname="DESKTOP-MK1T9B1" time="0.0">
  <properties/>
  <system-out><![CDATA[16:51:46.340 [Test worker] DEBUG net.thucydides.core.util.PropertiesFileLocalPreferences - LOADING LOCAL PROPERTIES FROM C:\Program Files\JetBrains\IntelliJ IDEA Community Edition 2021.1\jbr\bin\serenity.properties 
16:51:46.498 [Test worker] DEBUG net.thucydides.core.util.PropertiesFileLocalPreferences - LOADING LOCAL PROPERTIES FROM C:\REPO\estudio\pom_serenity\serenity.properties 
16:51:46.511 [Test worker] DEBUG net.thucydides.core.util.PropertiesFileLocalPreferences - webdriver.driver=chrome
16:51:46.511 [Test worker] DEBUG net.thucydides.core.util.PropertiesFileLocalPreferences - serenity.project.name=Serenity and Cucumber Quick Start
16:51:46.511 [Test worker] DEBUG net.thucydides.core.util.PropertiesFileLocalPreferences - webdriver.timeouts.implicitlywait=20000
16:51:46.512 [Test worker] DEBUG net.thucydides.core.util.PropertiesFileLocalPreferences - drivers.windows.webdriver.chrome.driver=C:\REPO\estudio\pom_serenity\src\test\resources\webdriver\windows\chromedriver_88.exe
16:51:46.512 [Test worker] DEBUG net.thucydides.core.util.PropertiesFileLocalPreferences - webdriver.timeouts.pageLoadTimeout=300000
16:51:46.512 [Test worker] DEBUG net.thucydides.core.util.PropertiesFileLocalPreferences - webdriver.timeouts.setScriptTimeout=20000
16:51:46.518 [Test worker] DEBUG net.thucydides.core.util.PropertiesFileLocalPreferences - webdriver.autodownload=true
16:51:46.518 [Test worker] DEBUG net.thucydides.core.util.PropertiesFileLocalPreferences - chrome.switches=--start-maximized;--test-type;--no-sandbox;--ignore-certificate-errors;\r\n                   --disable-popup-blocking;--disable-default-apps;--disable-extensions-file-access-check;\r\n                   --incognito;--disable-infobars,--disable-gpu
16:51:46.518 [Test worker] DEBUG net.thucydides.core.util.PropertiesFileLocalPreferences - headless.mode=false
16:51:46.519 [Test worker] DEBUG net.thucydides.core.util.PropertiesFileLocalPreferences - serenity.take.screenshots=BEFORE_AND_AFTER_EACH_STEP
16:51:46.886 [Test worker] DEBUG net.thucydides.core.util.PropertiesFileLocalPreferences - LOADING LOCAL PROPERTIES FROM C:\Program Files\JetBrains\IntelliJ IDEA Community Edition 2021.1\jbr\bin\serenity.properties 
16:51:46.902 [Test worker] DEBUG net.thucydides.core.util.PropertiesFileLocalPreferences - LOADING LOCAL PROPERTIES FROM C:\REPO\estudio\pom_serenity\serenity.properties 
16:51:46.904 [Test worker] DEBUG net.thucydides.core.util.PropertiesFileLocalPreferences - webdriver.driver=chrome
16:51:46.904 [Test worker] DEBUG net.thucydides.core.util.PropertiesFileLocalPreferences - serenity.project.name=Serenity and Cucumber Quick Start
16:51:46.904 [Test worker] DEBUG net.thucydides.core.util.PropertiesFileLocalPreferences - webdriver.timeouts.implicitlywait=20000
16:51:46.905 [Test worker] DEBUG net.thucydides.core.util.PropertiesFileLocalPreferences - drivers.windows.webdriver.chrome.driver=C:\REPO\estudio\pom_serenity\src\test\resources\webdriver\windows\chromedriver_88.exe
16:51:46.905 [Test worker] DEBUG net.thucydides.core.util.PropertiesFileLocalPreferences - webdriver.timeouts.pageLoadTimeout=300000
16:51:46.905 [Test worker] DEBUG net.thucydides.core.util.PropertiesFileLocalPreferences - webdriver.timeouts.setScriptTimeout=20000
16:51:46.908 [Test worker] DEBUG net.thucydides.core.util.PropertiesFileLocalPreferences - webdriver.autodownload=true
16:51:46.908 [Test worker] DEBUG net.thucydides.core.util.PropertiesFileLocalPreferences - chrome.switches=--start-maximized;--test-type;--no-sandbox;--ignore-certificate-errors;\r\n                   --disable-popup-blocking;--disable-default-apps;--disable-extensions-file-access-check;\r\n                   --incognito;--disable-infobars,--disable-gpu
16:51:46.909 [Test worker] DEBUG net.thucydides.core.util.PropertiesFileLocalPreferences - headless.mode=false
16:51:46.909 [Test worker] DEBUG net.thucydides.core.util.PropertiesFileLocalPreferences - serenity.take.screenshots=BEFORE_AND_AFTER_EACH_STEP
16:51:46.920 [Test worker] INFO net.thucydides.core.steps.ConsoleLoggingListener - 

-------------------------------------------------------------------------------------
     _______. _______ .______       _______ .__   __.  __  .___________.____    ____ 
    /       ||   ____||   _  \     |   ____||  \ |  | |  | |           |\   \  /   / 
   |   (----`|  |__   |  |_)  |    |  |__   |   \|  | |  | `---|  |----` \   \/   /  
    \   \    |   __|  |      /     |   __|  |  . `  | |  |     |  |       \_    _/   
.----)   |   |  |____ |  |\  \----.|  |____ |  |\   | |  |     |  |         |  |     
|_______/    |_______|| _| `._____||_______||__| \__| |__|     |__|         |__|    
                                                                                     
 News and tutorials at http://www.serenity-bdd.info                                  
 Documentation at https://wakaleo.gitbooks.io/the-serenity-book/content/             
 Join the Serenity Community on Rocket Chat at https://serenity-bdd.rocket.chat      
 Serenity BDD Support and Training at http://serenity-bdd.info/#/trainingandsupport  
 Learn Serenity BDD online at http://serenity-dojo.com                               
-------------------------------------------------------------------------------------

16:51:46.927 [Test worker] DEBUG net.thucydides.core.steps.StepEventBus - Test suite started for story net.thucydides.core.model.Story@cb1811f2
16:51:46.958 [Test worker] INFO net.thucydides.core.steps.ConsoleLoggingListener - Test Suite Started: Login
16:51:47.032 [Test worker] INFO net.thucydides.core.steps.ConsoleLoggingListener - 
 _____ _____ ____ _____   ____ _____  _    ____ _____ _____ ____  
|_   _| ____/ ___|_   _| / ___|_   _|/ \  |  _ \_   _| ____|  _ \ 
  | | |  _| \___ \ | |   \___ \ | | / _ \ | |_) || | |  _| | | | |
  | | | |___ ___) || |    ___) || |/ ___ \|  _ < | | | |___| |_| |
  |_| |_____|____/ |_|   |____/ |_/_/   \_\_| \_\|_| |_____|____/ 
                                                                  

TEST STARTED: Login successful
-------------------------------------------------------------------(login;login-successful)
16:51:58.243 [Test worker] INFO net.thucydides.core.steps.ConsoleLoggingListener - 
 _____ _____ ____ _____   ____ _____  _    ____ _____ _____ ____  
|_   _| ____/ ___|_   _| / ___|_   _|/ \  |  _ \_   _| ____|  _ \ 
  | | |  _| \___ \ | |   \___ \ | | / _ \ | |_) || | |  _| | | | |
  | | | |___ ___) || |    ___) || |/ ___ \|  _ < | | | |___| |_| |
  |_| |_____|____/ |_|   |____/ |_/_/   \_\_| \_\|_| |_____|____/ 
                                                                  

TEST STARTED: Login failure
-------------------------------------------------------------------(login;login-failure)
16:52:05.702 [Test worker] INFO net.thucydides.core.steps.ConsoleLoggingListener - 
 _____ _____ ____ _____   ____ _____  _    ____ _____ _____ ____  
|_   _| ____/ ___|_   _| / ___|_   _|/ \  |  _ \_   _| ____|  _ \ 
  | | |  _| \___ \ | |   \___ \ | | / _ \ | |_) || | |  _| | | | |
  | | | |___ ___) || |    ___) || |/ ___ \|  _ < | | | |___| |_| |
  |_| |_____|____/ |_|   |____/ |_/_/   \_\_| \_\|_| |_____|____/ 
                                                                  

TEST STARTED: Login with wrong email field
-------------------------------------------------------------------(login;login-with-wrong-email-field)
16:52:18.068 [Test worker] DEBUG net.thucydides.core.reports.ReportService - Reporting formats: [JSON, HTML]
16:52:18.216 [Test worker] DEBUG net.thucydides.core.reports.ReportService - Reporting formats: [JSON, HTML]
16:52:18.242 [Test worker] DEBUG net.thucydides.core.reports.ReportService - Generating reports for 3 test outcomes using: net.thucydides.core.reports.json.JSONTestOutcomeReporter@1a865ef8
16:52:18.245 [pool-1-thread-2] DEBUG net.thucydides.core.reports.ReportService - Processing test outcome Login:Login failure
16:52:18.245 [pool-1-thread-1] DEBUG net.thucydides.core.reports.ReportService - Processing test outcome Login:Login successful
16:52:18.245 [pool-1-thread-3] DEBUG net.thucydides.core.reports.ReportService - Processing test outcome Login:Login with wrong email field
16:52:18.245 [pool-1-thread-2] DEBUG net.thucydides.core.reports.ReportService - net.thucydides.core.reports.json.JSONTestOutcomeReporter@1a865ef8: Generating report for test outcome: Login:Login failure
16:52:18.245 [pool-1-thread-1] DEBUG net.thucydides.core.reports.ReportService - net.thucydides.core.reports.json.JSONTestOutcomeReporter@1a865ef8: Generating report for test outcome: Login:Login successful
16:52:18.246 [pool-1-thread-3] DEBUG net.thucydides.core.reports.ReportService - net.thucydides.core.reports.json.JSONTestOutcomeReporter@1a865ef8: Generating report for test outcome: Login:Login with wrong email field
16:52:18.250 [pool-1-thread-3] DEBUG net.thucydides.core.reports.json.JSONTestOutcomeReporter - Generating JSON report for Login with wrong email field to file C:\REPO\estudio\pom_serenity\target\site\serenity\3534f0ea48f48f4c001ec668429d36cd8c3409fe841cb75751fb41c50884e1b6.json (using temp file C:\REPO\estudio\pom_serenity\target\site\serenity\3534f0ea48f48f4c001ec668429d36cd8c3409fe841cb75751fb41c50884e1b6.jsonbaa48e31-d8cd-4d72-9c21-a8df3c158ec8)
16:52:18.250 [pool-1-thread-1] DEBUG net.thucydides.core.reports.json.JSONTestOutcomeReporter - Generating JSON report for Login successful to file C:\REPO\estudio\pom_serenity\target\site\serenity\b36f950c4b0714e24abe7125ff704566a3840052bea280348b84a9eaecfe0336.json (using temp file C:\REPO\estudio\pom_serenity\target\site\serenity\b36f950c4b0714e24abe7125ff704566a3840052bea280348b84a9eaecfe0336.json38c01046-7d94-4f42-a43b-e3aafb701e41)
16:52:18.250 [pool-1-thread-2] DEBUG net.thucydides.core.reports.json.JSONTestOutcomeReporter - Generating JSON report for Login failure to file C:\REPO\estudio\pom_serenity\target\site\serenity\3091e2ac8252c0e75a96dd1ccf6578b44a446d8a3bfe4615d36cb2310ed85dbf.json (using temp file C:\REPO\estudio\pom_serenity\target\site\serenity\3091e2ac8252c0e75a96dd1ccf6578b44a446d8a3bfe4615d36cb2310ed85dbf.json3e3511e1-8c5d-4faa-8fbb-d1ae63e12c26)
16:52:18.388 [pool-1-thread-3] DEBUG net.thucydides.core.reports.ReportService - Processing test outcome Login:Login with wrong email field done
16:52:18.390 [pool-1-thread-2] DEBUG net.thucydides.core.reports.ReportService - Processing test outcome Login:Login failure done
16:52:18.394 [pool-1-thread-1] DEBUG net.thucydides.core.reports.ReportService - Processing test outcome Login:Login successful done
16:52:18.397 [Test worker] DEBUG net.thucydides.core.reports.ReportService - Shutting down executor service
16:52:18.401 [Test worker] DEBUG net.thucydides.core.reports.ReportService - Reports generated in: 158 ms
16:52:18.402 [Test worker] DEBUG net.thucydides.core.reports.ReportService - Generating reports for 3 test outcomes using: net.thucydides.core.reports.html.HtmlAcceptanceTestReporter@4e7f3788
16:52:18.404 [pool-2-thread-2] DEBUG net.thucydides.core.reports.ReportService - Processing test outcome Login:Login failure
16:52:18.404 [pool-2-thread-3] DEBUG net.thucydides.core.reports.ReportService - Processing test outcome Login:Login with wrong email field
16:52:18.404 [pool-2-thread-1] DEBUG net.thucydides.core.reports.ReportService - Processing test outcome Login:Login successful
16:52:18.405 [pool-2-thread-3] DEBUG net.thucydides.core.reports.ReportService - net.thucydides.core.reports.html.HtmlAcceptanceTestReporter@4e7f3788: Generating report for test outcome: Login:Login with wrong email field
16:52:18.405 [pool-2-thread-2] DEBUG net.thucydides.core.reports.ReportService - net.thucydides.core.reports.html.HtmlAcceptanceTestReporter@4e7f3788: Generating report for test outcome: Login:Login failure
16:52:18.405 [pool-2-thread-1] DEBUG net.thucydides.core.reports.ReportService - net.thucydides.core.reports.html.HtmlAcceptanceTestReporter@4e7f3788: Generating report for test outcome: Login:Login successful
16:52:18.406 [pool-2-thread-3] DEBUG net.thucydides.core.reports.html.HtmlAcceptanceTestReporter - GENERATE TEST OUTCOME REPORT FOR Login with wrong email field in 3534f0ea48f48f4c001ec668429d36cd8c3409fe841cb75751fb41c50884e1b6
16:52:18.406 [pool-2-thread-2] DEBUG net.thucydides.core.reports.html.HtmlAcceptanceTestReporter - GENERATE TEST OUTCOME REPORT FOR Login failure in 3091e2ac8252c0e75a96dd1ccf6578b44a446d8a3bfe4615d36cb2310ed85dbf
16:52:18.406 [pool-2-thread-1] DEBUG net.thucydides.core.reports.html.HtmlAcceptanceTestReporter - GENERATE TEST OUTCOME REPORT FOR Login successful in b36f950c4b0714e24abe7125ff704566a3840052bea280348b84a9eaecfe0336
16:52:18.432 [pool-2-thread-2] DEBUG net.thucydides.core.requirements.RequirementsTagProvider -  found:[]
16:52:18.433 [pool-2-thread-3] DEBUG net.thucydides.core.requirements.RequirementsTagProvider -  found:[]
16:52:18.435 [pool-2-thread-1] DEBUG net.thucydides.core.requirements.RequirementsTagProvider -  found:[]
16:52:18.440 [pool-2-thread-2] DEBUG net.thucydides.core.requirements.RequirementsTagProvider -  found:[]
16:52:18.440 [pool-2-thread-3] DEBUG net.thucydides.core.requirements.RequirementsTagProvider -  found:[]
16:52:18.440 [pool-2-thread-1] DEBUG net.thucydides.core.requirements.RequirementsTagProvider -  found:[]
16:52:18.530 [pool-2-thread-3] DEBUG net.thucydides.core.requirements.RequirementsTagProvider -  found:[]
16:52:18.531 [pool-2-thread-1] DEBUG net.thucydides.core.requirements.RequirementsTagProvider -  found:[]
16:52:18.532 [pool-2-thread-3] DEBUG net.thucydides.core.requirements.RequirementsTagProvider -  found:[]
16:52:18.533 [pool-2-thread-1] DEBUG net.thucydides.core.requirements.RequirementsTagProvider -  found:[]
16:52:18.533 [pool-2-thread-2] DEBUG net.thucydides.core.requirements.RequirementsTagProvider -  found:[]
16:52:18.535 [pool-2-thread-2] DEBUG net.thucydides.core.requirements.RequirementsTagProvider -  found:[]
16:52:18.691 [pool-2-thread-1] DEBUG net.thucydides.core.reports.html.HtmlAcceptanceTestReporter - Generating report in b36f950c4b0714e24abe7125ff704566a3840052bea280348b84a9eaecfe0336_screenshots.html
16:52:18.691 [pool-2-thread-2] DEBUG net.thucydides.core.reports.html.HtmlAcceptanceTestReporter - Generating report in 3091e2ac8252c0e75a96dd1ccf6578b44a446d8a3bfe4615d36cb2310ed85dbf_screenshots.html
16:52:18.691 [pool-2-thread-3] DEBUG net.thucydides.core.reports.html.HtmlAcceptanceTestReporter - Generating report in 3534f0ea48f48f4c001ec668429d36cd8c3409fe841cb75751fb41c50884e1b6_screenshots.html
16:52:19.586 [pool-2-thread-3] DEBUG net.thucydides.core.reports.html.HtmlAcceptanceTestReporter - Generated report 3534f0ea48f48f4c001ec668429d36cd8c3409fe841cb75751fb41c50884e1b6_screenshots.html in 895 ms
16:52:19.586 [pool-2-thread-2] DEBUG net.thucydides.core.reports.html.HtmlAcceptanceTestReporter - Generated report 3091e2ac8252c0e75a96dd1ccf6578b44a446d8a3bfe4615d36cb2310ed85dbf_screenshots.html in 895 ms
16:52:19.587 [pool-2-thread-1] DEBUG net.thucydides.core.reports.html.HtmlAcceptanceTestReporter - Generated report b36f950c4b0714e24abe7125ff704566a3840052bea280348b84a9eaecfe0336_screenshots.html in 896 ms
16:52:19.588 [pool-2-thread-3] DEBUG net.thucydides.core.reports.html.HtmlAcceptanceTestReporter - GENERATING HTML REPORT FOR Login:Login with wrong email field in 3534f0ea48f48f4c001ec668429d36cd8c3409fe841cb75751fb41c50884e1b6.html in directory C:\REPO\estudio\pom_serenity\target\site\serenity  
16:52:19.588 [pool-2-thread-1] DEBUG net.thucydides.core.reports.html.HtmlAcceptanceTestReporter - GENERATING HTML REPORT FOR Login:Login successful in b36f950c4b0714e24abe7125ff704566a3840052bea280348b84a9eaecfe0336.html in directory C:\REPO\estudio\pom_serenity\target\site\serenity  
16:52:19.588 [pool-2-thread-2] DEBUG net.thucydides.core.reports.html.HtmlAcceptanceTestReporter - GENERATING HTML REPORT FOR Login:Login failure in 3091e2ac8252c0e75a96dd1ccf6578b44a446d8a3bfe4615d36cb2310ed85dbf.html in directory C:\REPO\estudio\pom_serenity\target\site\serenity  
16:52:19.591 [pool-2-thread-3] DEBUG net.thucydides.core.reports.html.HtmlAcceptanceTestReporter - Generating report in 3534f0ea48f48f4c001ec668429d36cd8c3409fe841cb75751fb41c50884e1b6.html
16:52:19.592 [pool-2-thread-1] DEBUG net.thucydides.core.reports.html.HtmlAcceptanceTestReporter - Generating report in b36f950c4b0714e24abe7125ff704566a3840052bea280348b84a9eaecfe0336.html
16:52:19.592 [pool-2-thread-2] DEBUG net.thucydides.core.reports.html.HtmlAcceptanceTestReporter - Generating report in 3091e2ac8252c0e75a96dd1ccf6578b44a446d8a3bfe4615d36cb2310ed85dbf.html
16:52:19.705 [pool-2-thread-3] DEBUG net.thucydides.core.reports.html.HtmlAcceptanceTestReporter - Generated report 3534f0ea48f48f4c001ec668429d36cd8c3409fe841cb75751fb41c50884e1b6.html in 114 ms
16:52:19.705 [pool-2-thread-3] DEBUG net.thucydides.core.reports.ReportService - Processing test outcome Login:Login with wrong email field done
16:52:19.725 [pool-2-thread-1] DEBUG net.thucydides.core.reports.html.HtmlAcceptanceTestReporter - Generated report b36f950c4b0714e24abe7125ff704566a3840052bea280348b84a9eaecfe0336.html in 133 ms
16:52:19.725 [pool-2-thread-1] DEBUG net.thucydides.core.reports.ReportService - Processing test outcome Login:Login successful done
16:52:19.754 [pool-2-thread-2] DEBUG net.thucydides.core.reports.html.HtmlAcceptanceTestReporter - Generated report 3091e2ac8252c0e75a96dd1ccf6578b44a446d8a3bfe4615d36cb2310ed85dbf.html in 162 ms
16:52:19.755 [pool-2-thread-2] DEBUG net.thucydides.core.reports.ReportService - Processing test outcome Login:Login failure done
16:52:19.756 [Test worker] DEBUG net.thucydides.core.reports.ReportService - Shutting down executor service
16:52:19.756 [Test worker] DEBUG net.thucydides.core.reports.ReportService - Reports generated in: 1354 ms
16:52:20.056 [Test worker] DEBUG net.serenitybdd.core.photography.Darkroom - Closing darkroom
16:52:20.056 [Darkroom Processing Line] DEBUG net.serenitybdd.core.photography.DarkroomProcessingLine - Darkroom processing line shutting down

?[31mFailed scenarios:?[0m
?[31msrc/test/resources/features/login.feature:6 ?[0m# Login successful

3 Scenarios (?[31m1 failed?[0m, ?[32m2 passed?[0m)
9 Steps (?[31m1 failed?[0m, ?[36m1 skipped?[0m, ?[32m7 passed?[0m)
0m31.299s

org.openqa.selenium.ElementClickInterceptedException: element click intercepted: Element <button style="font-size: 16px;" type="submit" class="btn btn-primary btn-lg btn-block loginbtn">...</button> is not clickable at point (978, 446). Other element would receive the click: <img alt="Chat now" src="https://cdn.livechatinc.com/cloud/?uri=https%3A%2F%2Flivechat.s3.amazonaws.com%2Fdefault%2FeyeCatchers%2Fnew108.gif" style="display: block; border: 0px; float: right;">
  (Session info: chrome=89.0.4389.128)
Build info: version: '3.141.59', revision: 'e82be7d358', time: '2018-11-14T08:17:03'
System info: host: 'DESKTOP-MK1T9B1', ip: '192.168.0.2', os.name: 'Windows 10', os.arch: 'amd64', os.version: '10.0', java.version: '1.8.0_281'
Driver info: org.openqa.selenium.chrome.ChromeDriver
Capabilities {acceptInsecureCerts: false, browserName: chrome, browserVersion: 89.0.4389.128, chrome: {chromedriverVersion: 88.0.4324.96 (68dba2d8a0b14..., userDataDir: C:\Users\ADMINI~1\AppData\L...}, goog:chromeOptions: {debuggerAddress: localhost:49892}, javascriptEnabled: true, networkConnectionEnabled: false, pageLoadStrategy: normal, platform: WINDOWS, platformName: WINDOWS, proxy: Proxy(), setWindowRect: true, strictFileInteractability: false, timeouts: {implicit: 0, pageLoad: 300000, script: 30000}, unhandledPromptBehavior: dismiss and notify, webauthn:extension:largeBlob: true, webauthn:virtualAuthenticators: true}
Session ID: 5af18b14486aece19d889f16c649e0d8
	at sun.reflect.NativeConstructorAccessorImpl.newInstance0(Native Method)
	at sun.reflect.NativeConstructorAccessorImpl.newInstance(NativeConstructorAccessorImpl.java:62)
	at sun.reflect.DelegatingConstructorAccessorImpl.newInstance(DelegatingConstructorAccessorImpl.java:45)
	at java.lang.reflect.Constructor.newInstance(Constructor.java:423)
	at org.openqa.selenium.remote.http.W3CHttpResponseCodec.createException(W3CHttpResponseCodec.java:187)
	at org.openqa.selenium.remote.http.W3CHttpResponseCodec.decode(W3CHttpResponseCodec.java:122)
	at org.openqa.selenium.remote.http.W3CHttpResponseCodec.decode(W3CHttpResponseCodec.java:49)
	at org.openqa.selenium.remote.HttpCommandExecutor.execute(HttpCommandExecutor.java:158)
	at org.openqa.selenium.remote.service.DriverCommandExecutor.execute(DriverCommandExecutor.java:83)
	at org.openqa.selenium.remote.RemoteWebDriver.execute(RemoteWebDriver.java:552)
	at org.openqa.selenium.remote.RemoteWebElement.execute(RemoteWebElement.java:285)
	at org.openqa.selenium.remote.RemoteWebElement.click(RemoteWebElement.java:84)
	at net.serenitybdd.core.pages.WebElementFacadeImpl.click(WebElementFacadeImpl.java:1231)
	at sun.reflect.NativeMethodAccessorImpl.invoke0(Native Method)
	at sun.reflect.NativeMethodAccessorImpl.invoke(NativeMethodAccessorImpl.java:62)
	at sun.reflect.DelegatingMethodAccessorImpl.invoke(DelegatingMethodAccessorImpl.java:43)
	at java.lang.reflect.Method.invoke(Method.java:498)
	at net.thucydides.core.annotations.locators.AbstractSingleItemHandler.invoke(AbstractSingleItemHandler.java:45)
	at com.sun.proxy.$Proxy26.click(Unknown Source)
	at com.indracompany.qa.services.LoginServices.login(LoginServices.java:15)
	at com.indracompany.qa.steps.LoginSteps.heLogsInWhitHerCredentials(LoginSteps.java:29)
	at ?.he logs in whit her credentials(src/test/resources/features/login.feature:8)

]]></system-out>
  <system-err><![CDATA[]]></system-err>
</testsuite>
