<?xml version="1.0" encoding="UTF-8"?>
<testsuite name="Login" tests="1" skipped="0" failures="0" errors="0" timestamp="2021-04-29T21:51:09" hostname="DESKTOP-MK1T9B1" time="9.135">
  <properties/>
  <testcase name="Register" classname="Login" time="9.135"/>
  <system-out><![CDATA[16:51:10.175 [Test worker] INFO net.serenitybdd.core.webdriver.driverproviders.ProvideNewDriver - Instantiating driver
16:51:10.175 [Test worker] INFO net.serenitybdd.core.webdriver.driverproviders.ProvideNewDriver - Driver capabilities: Capabilities {acceptInsecureCerts: false, browserName: chrome, chrome.switches: --start-maximized;--test-ty..., goog:chromeOptions: {args: [--start-maximized, --test-type, --no-sandbox, --ignore-certificate-errors..., --disable-popup-blocking, --disable-default-apps, --disable-extensions-file-a..., --incognito, --disable-infobars, --disable-gpu], extensions: []}, loggingPrefs: org.openqa.selenium.logging..., platform: ANY, version: }
16:51:14.597 [Test worker] DEBUG net.serenitybdd.core.photography.Darkroom - Opening darkroom
16:51:14.598 [Darkroom Processing Line] DEBUG net.serenitybdd.core.photography.DarkroomProcessingLine - Darkroom processing line starting up
16:51:14.923 [Test worker] DEBUG net.serenitybdd.core.photography.Darkroom - Send negative for processing for C:\REPO\estudio\pom_serenity\target\site\serenity\2e8ab8ae8d28f8039c53067875cc2816ea4b04011f4c423f1269cd952880d56a.png
16:51:14.924 [Darkroom Processing Line] DEBUG net.serenitybdd.core.photography.DarkroomProcessingLine - Processing screenshot image in /var/screenshots/screenshot-2230306174407237456
16:51:14.924 [Darkroom Processing Line] DEBUG net.serenitybdd.core.photography.DarkroomProcessingLine - Saving screenshot to C:\REPO\estudio\pom_serenity\target\site\serenity\2e8ab8ae8d28f8039c53067875cc2816ea4b04011f4c423f1269cd952880d56a.png
16:51:17.658 [Test worker] DEBUG net.serenitybdd.core.photography.Darkroom - Send negative for processing for C:\REPO\estudio\pom_serenity\target\site\serenity\cd886cd647f76f72081ebf1dc999ed740d5753da90b211ebd56c72d43e43f05b.png
16:51:18.475 [Test worker] INFO net.thucydides.core.steps.ConsoleLoggingListener - 
        __    _____ _____ ____ _____   ____   _    ____  ____  _____ ____  
  _     \ \  |_   _| ____/ ___|_   _| |  _ \ / \  / ___|/ ___|| ____|  _ \ 
 (_)_____| |   | | |  _| \___ \ | |   | |_) / _ \ \___ \\___ \|  _| | | | |
  _|_____| |   | | | |___ ___) || |   |  __/ ___ \ ___) |___) | |___| |_| |
 (_)     | |   |_| |_____|____/ |_|   |_| /_/   \_\____/|____/|_____|____/ 
        /_/                                                                

TEST PASSED: Register
----------------------------------------------------------------------------
]]></system-out>
  <system-err><![CDATA[Apr 29, 2021 4:51:09 PM org.openqa.selenium.remote.DesiredCapabilities chrome
INFO: Using `new ChromeOptions()` is preferred to `DesiredCapabilities.chrome()`
Starting ChromeDriver 88.0.4324.96 (68dba2d8a0b149a1d3afac56fa74648032bcf46b-refs/branch-heads/4324@{#1784}) on port 48242
Only local connections are allowed.
Please see https://chromedriver.chromium.org/security-considerations for suggestions on keeping ChromeDriver safe.
ChromeDriver was started successfully.
[1619733071.959][WARNING]: This version of ChromeDriver has not been tested with Chrome version 89.
Apr 29, 2021 4:51:11 PM org.openqa.selenium.remote.ProtocolHandshake createSession
INFO: Detected dialect: W3C
]]></system-err>
</testsuite>
